#
# A fatal error has been detected by the Java Runtime Environment:
#
#  Internal Error (javaClasses.cpp:129), pid=2436, tid=9228
#  fatal error: Invalid layout of preloaded class
#
# JRE version: 7.0_25-b17
# Java VM: Java HotSpot(TM) Client VM (23.25-b01 mixed mode windows-x86 )
# Failed to write core dump. Minidumps are not enabled by default on client versions of Windows
#
# If you would like to submit a bug report, please visit:
#   http://bugreport.sun.com/bugreport/crash.jsp
#

---------------  T H R E A D  ---------------

Current thread (0x01febc00):  JavaThread "Unknown thread" [_thread_in_vm, id=9228, stack(0x00190000,0x001e0000)]

Stack: [0x00190000,0x001e0000],  sp=0x001df4c8,  free space=317k
Native frames: (J=compiled Java code, j=interpreted, Vv=VM code, C=native code)
V  [jvm.dll+0x167e31]
V  [jvm.dll+0x1620f6]
V  [jvm.dll+0x1f92f]
V  [jvm.dll+0x1f9b6]
V  [jvm.dll+0x2cffd]
V  [jvm.dll+0x2d2a9]
V  [jvm.dll+0x75351]
V  [jvm.dll+0x7570b]
V  [jvm.dll+0x123881]
V  [jvm.dll+0x1439cc]
V  [jvm.dll+0xa619f]
C  [javaw.exe+0x13ca]
C  [javaw.exe+0x1e3c]
C  [javaw.exe+0xa5b1]
C  [javaw.exe+0xa63b]
C  [kernel32.dll+0x1338a]  BaseThreadInitThunk+0x12
C  [ntdll.dll+0x39f72]  RtlInitializeExceptionChain+0x63
C  [ntdll.dll+0x39f45]  RtlInitializeExceptionChain+0x36


---------------  P R O C E S S  ---------------

Java Threads: ( => current thread )

Other Threads:

=>0x01febc00 (exited) JavaThread "Unknown thread" [_thread_in_vm, id=9228, stack(0x00190000,0x001e0000)]

VM state:not at safepoint (not fully initialized)

VM Mutex/Monitor currently owned by a thread: None

GC Heap History (0 events):
No events

Deoptimization events (0 events):
No events

Internal exceptions (0 events):
No events

Events (10 events):
Event: 1.237 loading class 0x01ea4a50 done
Event: 1.237 loading class 0x01ea3ea8 done
Event: 1.237 loading class 0x01ea3e80
Event: 1.237 loading class 0x01f1da08
Event: 1.237 loading class 0x01f1da08 done
Event: 1.237 loading class 0x01f1da40
Event: 1.237 loading class 0x01f1da40 done
Event: 1.237 loading class 0x01f1ed18
Event: 1.237 loading class 0x01f1ed18 done
Event: 1.238 loading class 0x01ea3e80 done


Dynamic libraries:
0x00a50000 - 0x00a7f000 	D:\Program Files (x86)\Java\jre7\bin\javaw.exe
0x77e70000 - 0x77ff0000 	C:\Windows\SysWOW64\ntdll.dll
0x77510000 - 0x77620000 	C:\Windows\syswow64\kernel32.dll
0x77910000 - 0x77957000 	C:\Windows\syswow64\KERNELBASE.dll
0x76330000 - 0x763d0000 	C:\Windows\syswow64\ADVAPI32.dll
0x755e0000 - 0x7568c000 	C:\Windows\syswow64\msvcrt.dll
0x778b0000 - 0x778c9000 	C:\Windows\SysWOW64\sechost.dll
0x757c0000 - 0x758b0000 	C:\Windows\syswow64\RPCRT4.dll
0x75580000 - 0x755e0000 	C:\Windows\syswow64\SspiCli.dll
0x75550000 - 0x7555c000 	C:\Windows\syswow64\CRYPTBASE.dll
0x77970000 - 0x77a70000 	C:\Windows\syswow64\USER32.dll
0x77120000 - 0x771b0000 	C:\Windows\syswow64\GDI32.dll
0x77680000 - 0x7768a000 	C:\Windows\syswow64\LPK.dll
0x75720000 - 0x757bd000 	C:\Windows\syswow64\USP10.dll
0x73770000 - 0x7390e000 	C:\Windows\WinSxS\x86_microsoft.windows.common-controls_6595b64144ccf1df_6.0.7601.17514_none_41e6975e2bd6f2b2\COMCTL32.dll
0x77620000 - 0x77677000 	C:\Windows\syswow64\SHLWAPI.dll
0x75e20000 - 0x75e80000 	C:\Windows\system32\IMM32.DLL
0x75e80000 - 0x75f4c000 	C:\Windows\syswow64\MSCTF.dll
0x5e410000 - 0x5e4ce000 	D:\Program Files (x86)\Java\jre7\bin\msvcr100.dll
0x6dfe0000 - 0x6e322000 	D:\Program Files (x86)\Java\jre7\bin\client\jvm.dll
0x734d0000 - 0x734d7000 	C:\Windows\system32\WSOCK32.dll
0x760f0000 - 0x76125000 	C:\Windows\syswow64\WS2_32.dll
0x77490000 - 0x77496000 	C:\Windows\syswow64\NSI.dll
0x75dc0000 - 0x75df2000 	C:\Windows\syswow64\WINMM.dll
0x763d0000 - 0x763d5000 	C:\Windows\syswow64\PSAPI.DLL
0x751c0000 - 0x751cc000 	D:\Program Files (x86)\Java\jre7\bin\verify.dll
0x733b0000 - 0x733d0000 	D:\Program Files (x86)\Java\jre7\bin\java.dll
0x74e10000 - 0x74e23000 	D:\Program Files (x86)\Java\jre7\bin\zip.dll
0x72f20000 - 0x7300b000 	C:\Windows\system32\dbghelp.dll

VM Arguments:
jvm_args: -Dfile.encoding=GBK -Xbootclasspath:F:\adt-bundle-windows-x86-20131030\sdk\platforms\android-19\android.jar 
java_command: com.example.market.utils.NumberUtils
Launcher Type: SUN_STANDARD

Environment Variables:
PATH=D:/Program Files (x86)/Java/jre7/bin/client;D:/Program Files (x86)/Java/jre7/bin;D:/Program Files (x86)/Java/jre7/lib/i386;C:\Program Files\Common Files\Microsoft Shared\Windows Live;C:\Program Files (x86)\Common Files\Microsoft Shared\Windows Live;C:\Program Files (x86)\NVIDIA Corporation\PhysX\Common;C:\Windows\system32;C:\Windows;C:\Windows\System32\Wbem;C:\Windows\System32\WindowsPowerShell\v1.0\;C:\Program Files (x86)\Common Files\Thunder Network\KanKan\Codecs;C:\Program Files (x86)\Windows Live\Shared;D:\Program Files (x86)\GmoteServer;D:\MatLab\bin\win32;D:\Program Files (x86)\Windows7Master;D:\Program Files (x86)\MySQL\MySQL Server 5.1\bin;D:\Program Files (x86)\Java\jdk1.7.0_25\bin;F:\adt-bundle-windows-x86-20131030\sdk\platform-tools;F:\adt-bundle-windows-x86-20131030\eclipse;
USERNAME=acer
OS=Windows_NT
PROCESSOR_IDENTIFIER=Intel64 Family 6 Model 37 Stepping 2, GenuineIntel



---------------  S Y S T E M  ---------------

OS: Windows 7 , 64 bit Build 7601 Service Pack 1

CPU:total 4 (2 cores per cpu, 2 threads per core) family 6 model 37 stepping 2, cmov, cx8, fxsr, mmx, sse, sse2, sse3, ssse3, sse4.1, sse4.2, popcnt, ht, tsc, tscinvbit

Memory: 4k page, physical 4053716k(1264384k free), swap 8105568k(3100040k free)

vm_info: Java HotSpot(TM) Client VM (23.25-b01) for windows-x86 JRE (1.7.0_25-b17), built on Jun 21 2013 13:06:48 by "java_re" with unknown MS VC++:1600

time: Fri Mar 27 17:10:38 2015
elapsed time: 1 seconds

